100 1112
15 1001
12 1149
5 1021
13 1090
31 1004
4 1004
45 1123
79 1118
20 1023
24 1029
2 1128
63 1063
9 1138
60 1017
77 1022
66 1148
6 1069
72 1016
83 1077
62 1090
35 1063
84 1051
59 1135
86 1004
66 1018
1 1085
19 1121
85 1096
22 1013
10 1127
21 1019
72 1055
19 1006
45 1028
68 1036
86 1078
59 1010
54 1070
85 1010
23 1069
20 1076
20 1118
6 1144
50 1089
64 1087
75 1119
61 1011
61 1043
57 1132
57 1075
36 1031
100 1047
54 1111
99 1030
68 1026
63 1096
85 1065
83 1049
45 1027
90 1040
75 1068
20 1082
58 1018
11 1101
28 1012
37 1009
29 1129
12 1081
40 1117
9 1149
33 1018
89 1109
26 1025
51 1049
91 1117
65 1060
47 1052
66 1107
23 1149
27 1077
8 1090
69 1039
64 1140
61 1085
18 1033
7 1042
19 1139
9 1083
22 1000
86 1015
82 1022
98 1037
28 1010
56 1100
95 1083
27 1097
36 1137
81 1077
55 1081
88 1147
20 1136
12 1066
36 1105
52 1144
36 1134
15 1096
36 1054
39 1101
7 1089
57 1059
100 1125
22 1097
40 1000
10 1122
51 1076
55 1122
24 1102
81 1122
21 1072
76 1094
84 1088
27 1043
67 1145
59 1121
85 1007
93 1119
85 1026
4 1093
61 1016
18 1084
45 1074
39 1149
43 1144
38 1144
25 1130
96 1071
10 1136
89 1052
44 1130
43 1082
59 1068
11 1134
76 1149
71 1030
32 1065
48 1035
4 1101
5 1011
27 1039
41 1132
46 1111
66 1017
98 1078
34 1124
75 1056
45 1129
11 1004
88 1149
43 1144
30 1041
62 1127
88 1035
69 1017
19 1136
32 1042
65 1129
89 1100
42 1033
91 1143
73 1136
79 1114
6 1095
9 1094
98 1104
6 1018
41 1058
80 1050
45 1133
89 1097
76 1126
7 1007
58 1020
38 1109
44 1037
63 1061
89 1007
95 1091
76 1095
54 1044
10 1004
28 1050
78 1140
94 1036
65 1033
87 1065
84 1012
77 1119
47 1095
37 1101
53 1094
30 1073
2 1080
75 1068
16 1139
77 1009
28 1136
74 1094
69 1047
42 1074
47 1069
92 1045
59 1043
1 1139
90 1104
31 1049
57 1069
94 1044
46 1104
68 1124
97 1123
62 1131
57 1095
80 1026
92 1135
52 1148
17 1027
61 1124
13 1139
72 1033
99 1065
31 1018
43 1100
38 1133
46 1103
71 1048
78 1121
87 1119
41 1113
68 1027
70 1118
11 1019
26 1045
78 1085
23 1096
35 1051
34 1007
21 1080
78 1025
6 1014
87 1066
55 1082
44 1078
76 1111
92 1147
88 1042
49 1101
2 1074
77 1072
91 1081
79 1063
20 1049
79 1115
78 1113
54 1128
44 1133
35 1111
51 1066
88 1147
64 1080
32 1073
21 1041
53 1040
5 1059
74 1139
46 1139
27 1110
57 1006
71 1103
100 1017
92 1016
10 1062
83 1097
92 1124
49 1060
89 1077
66 1083
67 1132
58 1016
39 1006
65 1046
19 1037
49 1109
23 1135
18 1077
13 1125
70 1085
77 1034
35 1110
96 1120
36 1080
22 1016
57 1058
57 1063
97 1017
35 1039
81 1143
36 1037
51 1055
26 1143
67 1037
28 1087
93 1105
87 1000
67 1088
25 1057
71 1004
3 1092
57 1060
88 1002
54 1108
64 1107
43 1149
67 1063
97 1147
100 1144
63 1078
61 1004
3 1074
90 1145
16 1115
74 1062
51 1107
27 1010
56 1100
15 1105
23 1044
79 1018
93 1094
22 1058
9 1131
49 1008
17 1068
87 1128
4 1088
66 1015
36 1132
3 1011
53 1123
4 1073
24 1059
80 1125
74 1015
38 1062
58 1117
23 1067
21 1106
83 1079
67 1002
38 1083
81 1052
24 1008
84 1078
81 1127
3 1108
21 1111
83 1086
80 1073
13 1020
74 1107
73 1085
68 1009
85 1104
57 1134
24 1103
14 1142
67 1084
84 1132
69 1048
84 1132
13 1101
12 1081
90 1131
17 1018
83 1084
93 1123
34 1019
9 1115
100 1002
46 1009
76 1055
14 1114
90 1141
23 1146
6 1068
65 1148
52 1079
75 1008
85 1146
83 1086
70 1087
95 1054
12 1132
99 1062
13 1076
3 1017
11 1007
39 1142
79 1088
80 1110
79 1004
51 1116
12 1055
11 1089
83 1085
46 1099
46 1024
4 1033
18 1115
46 1032
13 1015
35 1145
21 1008
80 1086
72 1126
77 1021
65 1111
87 1092
3 1107
41 1049
70 1042
80 1147
30 1108
22 1110
90 1127
84 1035
49 1128
86 1121
92 1147
50 1078
73 1070
34 1036
46 1033
90 1066
79 1079
32 1075
22 1039
78 1148
95 1116
8 1066
54 1094
7 1089
82 1002
65 1009
26 1078
25 1121
87 1099
84 1072
41 1143
50 1106
35 1114
84 1132
8 1085
33 1049
41 1024
52 1093
47 1109
38 1099
53 1072
33 1043
59 1145
46 1051
66 1046
8 1096
73 1116
75 1033
31 1096
39 1095
53 1065
29 1083
72 1113
41 1031
81 1042
93 1143
33 1045
52 1115
34 1070
58 1023
22 1133
59 1125
86 1012
8 1077
97 1054
49 1033
53 1148
10 1048
20 1074
48 1074
24 1148
69 1111
100 1120
7 1061
74 1148
99 1122
51 1024
21 1013
15 1024
19 1033
16 1120
48 1026
72 1005
11 1052
18 1080
49 1065
79 1108
88 1075
82 1092
58 1058
9 1080
7 1052
89 1076
81 1102
68 1095
86 1134
64 1078
33 1042
24 1081
78 1005
6 1087
100 1131
43 1092
59 1031
56 1020
98 1075
82 1106
67 1027
91 1082
18 1100
35 1123
6 1096
1 1104
4 1056
89 1135
73 1142
9 1149
9 1132
48 1093
92 1125
6 1015
1 1004
80 1137
87 1056
76 1030
50 1071
65 1142
98 1059
33 1076
85 1016
10 1074
43 1087
55 1121
82 1009
59 1106
70 1083
96 1054
27 1051
35 1003
84 1105
68 1007
60 1001
35 1110
94 1003
75 1013
77 1104
55 1042
12 1114
31 1148
5 1058
81 1024
34 1002
27 1102
50 1140
4 1048
83 1036
94 1024
44 1026
69 1020
12 1029
58 1008
26 1103
83 1101
97 1051
94 1084
85 1086
8 1015
54 1139
53 1113
85 1057
57 1148
87 1115
66 1092
65 1146
85 1083
89 1144
37 1124
15 1131
35 1125
47 1119
42 1026
19 1047
14 1070
53 1074
59 1128
75 1068
35 1022
72 1148
71 1011
62 1082
57 1135
100 1025
70 1014
32 1008
27 1023
13 1102
51 1093
92 1084
13 1069
91 1050
77 1139
18 1089
47 1071
66 1123
6 1134
60 1010
55 1006
26 1028
84 1076
24 1067
67 1109
77 1040
38 1126
99 1017
65 1019
26 1087
59 1024
60 1028
63 1127
51 1072
38 1018
54 1057
5 1132
68 1130
40 1038
64 1066
64 1135
42 1061
32 1114
68 1138
14 1102
16 1021
100 1051
8 1148
90 1099
39 1062
51 1047
93 1048
25 1034
32 1031
89 1003
98 1077
36 1133
27 1033
8 1145
80 1075
50 1080
94 1115
81 1060
22 1037
70 1111
64 1034
81 1081
22 1035
64 1115
43 1088
23 1058
27 1028
34 1134
47 1123
82 1072
27 1136
51 1020
47 1101
85 1101
50 1057
25 1091
33 1042
18 1149
18 1111
33 1139
59 1069
56 1063
51 1100
11 1017
41 1078
93 1013
6 1024
90 1005
9 1123
92 1066
30 1065
24 1024
90 1019
15 1087
75 1007
47 1077
18 1119
58 1145
13 1108
57 1028
62 1042
58 1132
90 1035
45 1133
72 1005
27 1128
99 1060
79 1006
17 1088
46 1041
1 1060
6 1038
85 1054
97 1020
40 1086
95 1100
47 1016
33 1070
88 1091
50 1033
11 1008
32 1063
69 1009
79 1038
13 1109
100 1119
67 1090
75 1085
73 1101
76 1012
56 1077
41 1148
23 1020
72 1091
77 1114
12 1072
68 1109
58 1136
98 1063
95 1030
68 1054
51 1115
77 1070
34 1028
39 1105
48 1025
33 1116
48 1077
95 1024
57 1029
79 1073
78 1091
64 1043
98 1048
77 1142
7 1097
90 1090
44 1010
46 1148
93 1070
82 1118
29 1116
3 1008
64 1026
76 1081
16 1054
34 1088
72 1109
25 1008
89 1138
40 1064
48 1133
51 1114
41 1061
24 1107
2 1068
62 1072
67 1078
74 1149
44 1128
97 1071
70 1092
65 1103
24 1076
76 1135
21 1025
18 1006
99 1017
44 1080
76 1132
68 1007
14 1075
79 1126
70 1084
62 1108
31 1015
17 1105
52 1138
54 1066
85 1084
68 1028
55 1047
3 1073
52 1002
90 1140
80 1123
10 1070
22 1127
36 1044
99 1012
84 1097
51 1015
6 1087
41 1013
38 1090
29 1029
51 1128
80 1036
77 1104
83 1050
55 1124
34 1010
59 1117
76 1044
5 1101
10 1112
19 1018
85 1065
29 1101
75 1061
56 1082
4 1138
27 1033
26 1085
68 1075
86 1088
85 1095
31 1143
80 1140
67 1040
88 1065
7 1145
42 1025
36 1146
85 1035
13 1007
6 1088
29 1035
4 1006
53 1125
43 1088
20 1126
20 1118
33 1089
69 1090
64 1071
16 1118
85 1068
3 1056
60 1131
57 1067
8 1078
72 1067
95 1060
62 1096
36 1079
71 1128
6 1149
66 1040
78 1015
95 1022
14 1081
70 1010
92 1097
76 1088
34 1127
81 1065
27 1134
100 1145
50 1138
8 1127
47 1138
85 1129
68 1030
21 1107
43 1035
10 1143
86 1018
13 1140
72 1115
45 1127
97 1035
69 1051
2 1073
34 1059
21 1035
18 1130
9 1141
94 1004
64 1110
90 1063
21 1064
55 1105
10 1132
20 1090
87 1130
44 1067
99 1136
20 1092
55 1012
88 1074
65 1136
12 1133
4 1141
19 1109
26 1077
49 1036
79 1027
58 1057
64 1031
54 1026
36 1147
98 1034
16 1035
65 1135
33 1099
86 1085
66 1050
49 1008
12 1010
83 1023
60 1099
56 1070
54 1068
100 1148
39 1045
21 1074
40 1055
68 1131
100 1063
79 1087
14 1028
74 1064
60 1083
51 1078
55 1013
44 1074
95 1067
19 1046
99 1010
91 1013
76 1009
3 1068
45 1124
24 1065
46 1094
13 1027
5 1144
97 1114
42 1075
56 1148
92 1149
28 1004
18 1035
65 1110
36 1000
65 1130
27 1027
84 1085
56 1062
69 1105
59 1120
99 1012
9 1027
15 1085
91 1143
34 1070
59 1019
69 1076
84 1017
34 1038
46 1128
92 1006
48 1016
6 1005
60 1134
65 1077
2 1011
16 1124
48 1053
24 1080
85 1038
6 1015
62 1024
70 1058
16 1071
38 1043
37 1004
3 1116
90 1018
17 1054
89 1018
63 1006
63 1118
53 1085
